<?xml version="1.0" encoding="UTF-8"?>
<!-- Generated by org.testng.reporters.JUnitReportReporter -->
<testsuite hostname="Siddharam" failures="0" tests="2" name="com.devcon25.tests.RegistrationTests" time="2.210" errors="0" timestamp="2025-08-16T14:18:34 IST" skipped="0">
  <testcase classname="com.devcon25.tests.RegistrationTests" name="pageload" time="1.510"/>
  <testcase classname="com.devcon25.tests.RegistrationTests" name="formFillingTest" time="0.700"/>
</testsuite> <!-- com.devcon25.tests.RegistrationTests -->
